==1027988== Memcheck, a memory error detector
==1027988== Copyright (C) 2002-2017, and GNU GPL'd, by Julian Seward et al.
==1027988== Using Valgrind-3.18.1 and LibVEX; rerun with -h for copyright info
==1027988== Command: ./minishell
==1027988== 
==1027989== 
==1027989== HEAP SUMMARY:
==1027989==     in use at exit: 3,778 bytes in 88 blocks
==1027989==   total heap usage: 100 allocs, 12 frees, 8,087 bytes allocated
==1027989== 
==1027989== 4 bytes in 1 blocks are still reachable in loss record 1 of 11
==1027989==    at 0x4848899: malloc (in /usr/libexec/valgrind/vgpreload_memcheck-amd64-linux.so)
==1027989==    by 0x409B55: ft_strdup (in /home/rwrobles/Desktop/minihell_done/minishell)
==1027989==    by 0x402510: process_quotes (quote_handling.c:28)
==1027989==    by 0x401B22: validate_and_process_quotes (input_handler.c:62)
==1027989==    by 0x4019E0: process_line (input_handler.c:103)
==1027989==    by 0x401645: shell_loop (loop.c:90)
==1027989==    by 0x4018AD: main (main.c:27)
==1027989== 
==1027989== 4 bytes in 1 blocks are still reachable in loss record 2 of 11
==1027989==    at 0x4848899: malloc (in /usr/libexec/valgrind/vgpreload_memcheck-amd64-linux.so)
==1027989==    by 0x409B55: ft_strdup (in /home/rwrobles/Desktop/minihell_done/minishell)
==1027989==    by 0x403D1F: set_argv_with_cleanup (command.c:57)
==1027989==    by 0x403CE6: cmd_add_arg (command.c:91)
==1027989==    by 0x4039FC: parser_parse_single_arg (parser_parse.c:64)
==1027989==    by 0x4037B4: parse_mixed_args_redirs (parser_main.c:60)
==1027989==    by 0x4036B9: parser_parse_command (parser_main.c:74)
==1027989==    by 0x403584: parser_parse_pipeline (parser_main.c:29)
==1027989==    by 0x403543: parser_parse (parser_main.c:19)
==1027989==    by 0x401A23: process_line (input_handler.c:110)
==1027989==    by 0x401645: shell_loop (loop.c:90)
==1027989==    by 0x4018AD: main (main.c:27)
==1027989== 
==1027989== 5 bytes in 1 blocks are still reachable in loss record 3 of 11
==1027989==    at 0x4848899: malloc (in /usr/libexec/valgrind/vgpreload_memcheck-amd64-linux.so)
==1027989==    by 0x409E5B: ft_substr (in /home/rwrobles/Desktop/minihell_done/minishell)
==1027989==    by 0x409305: ft_extract_line (in /home/rwrobles/Desktop/minihell_done/minishell)
==1027989==    by 0x409162: get_next_line (in /home/rwrobles/Desktop/minihell_done/minishell)
==1027989==    by 0x401956: read_non_interactive (input_handler.c:25)
==1027989==    by 0x401924: read_command_line (input_handler.c:48)
==1027989==    by 0x4015BE: shell_loop (loop.c:78)
==1027989==    by 0x4018AD: main (main.c:27)
==1027989== 
==1027989== 6 bytes in 1 blocks are still reachable in loss record 4 of 11
==1027989==    at 0x4848899: malloc (in /usr/libexec/valgrind/vgpreload_memcheck-amd64-linux.so)
==1027989==    by 0x409E5B: ft_substr (in /home/rwrobles/Desktop/minihell_done/minishell)
==1027989==    by 0x4093B4: ft_update_keep (in /home/rwrobles/Desktop/minihell_done/minishell)
==1027989==    by 0x409173: get_next_line (in /home/rwrobles/Desktop/minihell_done/minishell)
==1027989==    by 0x401956: read_non_interactive (input_handler.c:25)
==1027989==    by 0x401924: read_command_line (input_handler.c:48)
==1027989==    by 0x4015BE: shell_loop (loop.c:78)
==1027989==    by 0x4018AD: main (main.c:27)
==1027989== 
==1027989== 16 bytes in 1 blocks are still reachable in loss record 5 of 11
==1027989==    at 0x4848899: malloc (in /usr/libexec/valgrind/vgpreload_memcheck-amd64-linux.so)
==1027989==    by 0x403C7B: cmd_add_arg (command.c:82)
==1027989==    by 0x4039FC: parser_parse_single_arg (parser_parse.c:64)
==1027989==    by 0x4037B4: parse_mixed_args_redirs (parser_main.c:60)
==1027989==    by 0x4036B9: parser_parse_command (parser_main.c:74)
==1027989==    by 0x403584: parser_parse_pipeline (parser_main.c:29)
==1027989==    by 0x403543: parser_parse (parser_main.c:19)
==1027989==    by 0x401A23: process_line (input_handler.c:110)
==1027989==    by 0x401645: shell_loop (loop.c:90)
==1027989==    by 0x4018AD: main (main.c:27)
==1027989== 
==1027989== 24 bytes in 1 blocks are still reachable in loss record 6 of 11
==1027989==    at 0x4848899: malloc (in /usr/libexec/valgrind/vgpreload_memcheck-amd64-linux.so)
==1027989==    by 0x409BF3: ft_calloc (in /home/rwrobles/Desktop/minihell_done/minishell)
==1027989==    by 0x402632: lexer_init (lexer.c:22)
==1027989==    by 0x401BA0: init_lexer_parser (input_handler.c:75)
==1027989==    by 0x401A03: process_line (input_handler.c:105)
==1027989==    by 0x401645: shell_loop (loop.c:90)
==1027989==    by 0x4018AD: main (main.c:27)
==1027989== 
==1027989== 32 bytes in 1 blocks are still reachable in loss record 7 of 11
==1027989==    at 0x4848899: malloc (in /usr/libexec/valgrind/vgpreload_memcheck-amd64-linux.so)
==1027989==    by 0x403AE1: cmd_create (command.c:19)
==1027989==    by 0x403690: parser_parse_command (parser_main.c:71)
==1027989==    by 0x403584: parser_parse_pipeline (parser_main.c:29)
==1027989==    by 0x403543: parser_parse (parser_main.c:19)
==1027989==    by 0x401A23: process_line (input_handler.c:110)
==1027989==    by 0x401645: shell_loop (loop.c:90)
==1027989==    by 0x4018AD: main (main.c:27)
==1027989== 
==1027989== 32 bytes in 1 blocks are still reachable in loss record 8 of 11
==1027989==    at 0x4848899: malloc (in /usr/libexec/valgrind/vgpreload_memcheck-amd64-linux.so)
==1027989==    by 0x409BF3: ft_calloc (in /home/rwrobles/Desktop/minihell_done/minishell)
==1027989==    by 0x402381: create_token (lexer_utils.c:20)
==1027989==    by 0x401D5D: lexer_next_token (lexer_parser.c:74)
==1027989==    by 0x4031F3: parser_advance (parser.c:46)
==1027989==    by 0x4029AB: process_single_argument (parser_argument.c:53)
==1027989==    by 0x4039D4: parser_parse_single_arg (parser_parse.c:61)
==1027989==    by 0x4037B4: parse_mixed_args_redirs (parser_main.c:60)
==1027989==    by 0x4036B9: parser_parse_command (parser_main.c:74)
==1027989==    by 0x403584: parser_parse_pipeline (parser_main.c:29)
==1027989==    by 0x403543: parser_parse (parser_main.c:19)
==1027989==    by 0x401A23: process_line (input_handler.c:110)
==1027989== 
==1027989== 40 bytes in 1 blocks are still reachable in loss record 9 of 11
==1027989==    at 0x4848899: malloc (in /usr/libexec/valgrind/vgpreload_memcheck-amd64-linux.so)
==1027989==    by 0x4030F9: parser_init (parser.c:19)
==1027989==    by 0x401BDD: init_lexer_parser (input_handler.c:81)
==1027989==    by 0x401A03: process_line (input_handler.c:105)
==1027989==    by 0x401645: shell_loop (loop.c:90)
==1027989==    by 0x4018AD: main (main.c:27)
==1027989== 
==1027989== 632 bytes in 1 blocks are still reachable in loss record 10 of 11
==1027989==    at 0x4848899: malloc (in /usr/libexec/valgrind/vgpreload_memcheck-amd64-linux.so)
==1027989==    by 0x401465: duplicate_env (init.c:24)
==1027989==    by 0x4013A6: shell_init (init.c:57)
==1027989==    by 0x401876: main (main.c:22)
==1027989== 
==1027989== 2,983 bytes in 78 blocks are still reachable in loss record 11 of 11
==1027989==    at 0x4848899: malloc (in /usr/libexec/valgrind/vgpreload_memcheck-amd64-linux.so)
==1027989==    by 0x409B55: ft_strdup (in /home/rwrobles/Desktop/minihell_done/minishell)
==1027989==    by 0x4014A5: duplicate_env (init.c:30)
==1027989==    by 0x4013A6: shell_init (init.c:57)
==1027989==    by 0x401876: main (main.c:22)
==1027989== 
==1027989== LEAK SUMMARY:
==1027989==    definitely lost: 0 bytes in 0 blocks
==1027989==    indirectly lost: 0 bytes in 0 blocks
==1027989==      possibly lost: 0 bytes in 0 blocks
==1027989==    still reachable: 3,778 bytes in 88 blocks
==1027989==         suppressed: 0 bytes in 0 blocks
==1027989== 
==1027989== For lists of detected and suppressed errors, rerun with: -s
==1027989== ERROR SUMMARY: 0 errors from 0 contexts (suppressed: 0 from 0)
==1027988== 
==1027988== HEAP SUMMARY:
==1027988==     in use at exit: 0 bytes in 0 blocks
==1027988==   total heap usage: 115 allocs, 115 frees, 4,287 bytes allocated
==1027988== 
==1027988== All heap blocks were freed -- no leaks are possible
==1027988== 
==1027988== For lists of detected and suppressed errors, rerun with: -s
==1027988== ERROR SUMMARY: 0 errors from 0 contexts (suppressed: 0 from 0)
