==989992== Memcheck, a memory error detector
==989992== Copyright (C) 2002-2017, and GNU GPL'd, by Julian Seward et al.
==989992== Using Valgrind-3.18.1 and LibVEX; rerun with -h for copyright info
==989992== Command: ./minishell
==989992== Parent PID: 989797
==989992== 
==990127== 
==990127== HEAP SUMMARY:
==990127==     in use at exit: 212,740 bytes in 322 blocks
==990127==   total heap usage: 618 allocs, 296 frees, 235,882 bytes allocated
==990127== 
==990127== 16 bytes in 2 blocks are still reachable in loss record 11 of 79
==990127==    at 0x4848899: malloc (in /usr/libexec/valgrind/vgpreload_memcheck-amd64-linux.so)
==990127==    by 0x409B25: ft_strdup (in /home/rwrobles/Desktop/minihell_done/minishell)
==990127==    by 0x403EBF: set_argv_with_cleanup (command.c:57)
==990127==    by 0x403E86: cmd_add_arg (command.c:90)
==990127==    by 0x403B9C: parser_parse_single_arg (parser_parse.c:64)
==990127==    by 0x403954: parse_mixed_args_redirs (parser_main.c:60)
==990127==    by 0x403859: parser_parse_command (parser_main.c:74)
==990127==    by 0x403724: parser_parse_pipeline (parser_main.c:29)
==990127==    by 0x4036E3: parser_parse (parser_main.c:19)
==990127==    by 0x4016A3: process_line (input_handler.c:110)
==990127==    by 0x401975: shell_loop (loop.c:90)
==990127==    by 0x401BDD: main (main.c:27)
==990127== 
==990127== 24 bytes in 1 blocks are still reachable in loss record 15 of 79
==990127==    at 0x4848899: malloc (in /usr/libexec/valgrind/vgpreload_memcheck-amd64-linux.so)
==990127==    by 0x409BC3: ft_calloc (in /home/rwrobles/Desktop/minihell_done/minishell)
==990127==    by 0x401C52: lexer_init (lexer.c:22)
==990127==    by 0x401820: init_lexer_parser (input_handler.c:75)
==990127==    by 0x401683: process_line (input_handler.c:105)
==990127==    by 0x401975: shell_loop (loop.c:90)
==990127==    by 0x401BDD: main (main.c:27)
==990127== 
==990127== 24 bytes in 1 blocks are still reachable in loss record 16 of 79
==990127==    at 0x4848899: malloc (in /usr/libexec/valgrind/vgpreload_memcheck-amd64-linux.so)
==990127==    by 0x403E1B: cmd_add_arg (command.c:81)
==990127==    by 0x403B9C: parser_parse_single_arg (parser_parse.c:64)
==990127==    by 0x403954: parse_mixed_args_redirs (parser_main.c:60)
==990127==    by 0x403859: parser_parse_command (parser_main.c:74)
==990127==    by 0x403724: parser_parse_pipeline (parser_main.c:29)
==990127==    by 0x4036E3: parser_parse (parser_main.c:19)
==990127==    by 0x4016A3: process_line (input_handler.c:110)
==990127==    by 0x401975: shell_loop (loop.c:90)
==990127==    by 0x401BDD: main (main.c:27)
==990127== 
==990127== 32 bytes in 1 blocks are still reachable in loss record 18 of 79
==990127==    at 0x4848899: malloc (in /usr/libexec/valgrind/vgpreload_memcheck-amd64-linux.so)
==990127==    by 0x403C81: cmd_create (command.c:19)
==990127==    by 0x403830: parser_parse_command (parser_main.c:71)
==990127==    by 0x403724: parser_parse_pipeline (parser_main.c:29)
==990127==    by 0x4036E3: parser_parse (parser_main.c:19)
==990127==    by 0x4016A3: process_line (input_handler.c:110)
==990127==    by 0x401975: shell_loop (loop.c:90)
==990127==    by 0x401BDD: main (main.c:27)
==990127== 
==990127== 32 bytes in 1 blocks are still reachable in loss record 19 of 79
==990127==    at 0x4848899: malloc (in /usr/libexec/valgrind/vgpreload_memcheck-amd64-linux.so)
==990127==    by 0x403C81: cmd_create (command.c:19)
==990127==    by 0x403830: parser_parse_command (parser_main.c:71)
==990127==    by 0x4037BD: parser_parse_pipeline (parser_main.c:38)
==990127==    by 0x4036E3: parser_parse (parser_main.c:19)
==990127==    by 0x4016A3: process_line (input_handler.c:110)
==990127==    by 0x401975: shell_loop (loop.c:90)
==990127==    by 0x401BDD: main (main.c:27)
==990127== 
==990127== 32 bytes in 1 blocks are still reachable in loss record 20 of 79
==990127==    at 0x4848899: malloc (in /usr/libexec/valgrind/vgpreload_memcheck-amd64-linux.so)
==990127==    by 0x409BC3: ft_calloc (in /home/rwrobles/Desktop/minihell_done/minishell)
==990127==    by 0x402451: create_token (lexer_utils.c:20)
==990127==    by 0x401E2D: lexer_next_token (lexer_parser.c:74)
==990127==    by 0x403203: parser_advance (parser.c:46)
==990127==    by 0x4029BB: process_single_argument (parser_argument.c:53)
==990127==    by 0x403B74: parser_parse_single_arg (parser_parse.c:61)
==990127==    by 0x403954: parse_mixed_args_redirs (parser_main.c:60)
==990127==    by 0x403859: parser_parse_command (parser_main.c:74)
==990127==    by 0x4037BD: parser_parse_pipeline (parser_main.c:38)
==990127==    by 0x4036E3: parser_parse (parser_main.c:19)
==990127==    by 0x4016A3: process_line (input_handler.c:110)
==990127== 
==990127== 40 bytes in 1 blocks are still reachable in loss record 21 of 79
==990127==    at 0x4848899: malloc (in /usr/libexec/valgrind/vgpreload_memcheck-amd64-linux.so)
==990127==    by 0x403109: parser_init (parser.c:19)
==990127==    by 0x40185D: init_lexer_parser (input_handler.c:81)
==990127==    by 0x401683: process_line (input_handler.c:105)
==990127==    by 0x401975: shell_loop (loop.c:90)
==990127==    by 0x401BDD: main (main.c:27)
==990127== 
==990127== 64 bytes in 1 blocks are still reachable in loss record 25 of 79
==990127==    at 0x4848899: malloc (in /usr/libexec/valgrind/vgpreload_memcheck-amd64-linux.so)
==990127==    by 0x403E1B: cmd_add_arg (command.c:81)
==990127==    by 0x403B9C: parser_parse_single_arg (parser_parse.c:64)
==990127==    by 0x403954: parse_mixed_args_redirs (parser_main.c:60)
==990127==    by 0x403859: parser_parse_command (parser_main.c:74)
==990127==    by 0x4037BD: parser_parse_pipeline (parser_main.c:38)
==990127==    by 0x4036E3: parser_parse (parser_main.c:19)
==990127==    by 0x4016A3: process_line (input_handler.c:110)
==990127==    by 0x401975: shell_loop (loop.c:90)
==990127==    by 0x401BDD: main (main.c:27)
==990127== 
==990127== 146 bytes in 7 blocks are still reachable in loss record 30 of 79
==990127==    at 0x4848899: malloc (in /usr/libexec/valgrind/vgpreload_memcheck-amd64-linux.so)
==990127==    by 0x409B25: ft_strdup (in /home/rwrobles/Desktop/minihell_done/minishell)
==990127==    by 0x403EBF: set_argv_with_cleanup (command.c:57)
==990127==    by 0x403E86: cmd_add_arg (command.c:90)
==990127==    by 0x403B9C: parser_parse_single_arg (parser_parse.c:64)
==990127==    by 0x403954: parse_mixed_args_redirs (parser_main.c:60)
==990127==    by 0x403859: parser_parse_command (parser_main.c:74)
==990127==    by 0x4037BD: parser_parse_pipeline (parser_main.c:38)
==990127==    by 0x4036E3: parser_parse (parser_main.c:19)
==990127==    by 0x4016A3: process_line (input_handler.c:110)
==990127==    by 0x401975: shell_loop (loop.c:90)
==990127==    by 0x401BDD: main (main.c:27)
==990127== 
==990127== 166 bytes in 1 blocks are still reachable in loss record 34 of 79
==990127==    at 0x4848899: malloc (in /usr/libexec/valgrind/vgpreload_memcheck-amd64-linux.so)
==990127==    by 0x409B25: ft_strdup (in /home/rwrobles/Desktop/minihell_done/minishell)
==990127==    by 0x402820: process_quotes (quote_handling.c:28)
==990127==    by 0x4017A2: validate_and_process_quotes (input_handler.c:62)
==990127==    by 0x401660: process_line (input_handler.c:103)
==990127==    by 0x401975: shell_loop (loop.c:90)
==990127==    by 0x401BDD: main (main.c:27)
==990127== 
==990127== 632 bytes in 1 blocks are still reachable in loss record 39 of 79
==990127==    at 0x4848899: malloc (in /usr/libexec/valgrind/vgpreload_memcheck-amd64-linux.so)
==990127==    by 0x401465: duplicate_env (init.c:24)
==990127==    by 0x4013A6: shell_init (init.c:57)
==990127==    by 0x401BA6: main (main.c:22)
==990127== 
==990127== 2,983 bytes in 78 blocks are still reachable in loss record 54 of 79
==990127==    at 0x4848899: malloc (in /usr/libexec/valgrind/vgpreload_memcheck-amd64-linux.so)
==990127==    by 0x409B25: ft_strdup (in /home/rwrobles/Desktop/minihell_done/minishell)
==990127==    by 0x4014A5: duplicate_env (init.c:30)
==990127==    by 0x4013A6: shell_init (init.c:57)
==990127==    by 0x401BA6: main (main.c:22)
==990127== 
==990127== LEAK SUMMARY:
==990127==    definitely lost: 0 bytes in 0 blocks
==990127==    indirectly lost: 0 bytes in 0 blocks
==990127==      possibly lost: 0 bytes in 0 blocks
==990127==    still reachable: 4,191 bytes in 96 blocks
==990127==         suppressed: 208,549 bytes in 226 blocks
==990127== 
==990127== For lists of detected and suppressed errors, rerun with: -s
==990127== ERROR SUMMARY: 0 errors from 0 contexts (suppressed: 0 from 0)
==989992== Invalid free() / delete / delete[] / realloc()
==989992==    at 0x484B27F: free (in /usr/libexec/valgrind/vgpreload_memcheck-amd64-linux.so)
==989992==    by 0x40172E: process_line (input_handler.c:122)
==989992==    by 0x401975: shell_loop (loop.c:90)
==989992==    by 0x401BDD: main (main.c:27)
==989992==  Address 0x4b63900 is 0 bytes inside a block of size 166 free'd
==989992==    at 0x484B27F: free (in /usr/libexec/valgrind/vgpreload_memcheck-amd64-linux.so)
==989992==    by 0x401CE5: lexer_destroy (lexer.c:36)
==989992==    by 0x401725: process_line (input_handler.c:121)
==989992==    by 0x401975: shell_loop (loop.c:90)
==989992==    by 0x401BDD: main (main.c:27)
==989992==  Block was alloc'd at
==989992==    at 0x4848899: malloc (in /usr/libexec/valgrind/vgpreload_memcheck-amd64-linux.so)
==989992==    by 0x409B25: ft_strdup (in /home/rwrobles/Desktop/minihell_done/minishell)
==989992==    by 0x402820: process_quotes (quote_handling.c:28)
==989992==    by 0x4017A2: validate_and_process_quotes (input_handler.c:62)
==989992==    by 0x401660: process_line (input_handler.c:103)
==989992==    by 0x401975: shell_loop (loop.c:90)
==989992==    by 0x401BDD: main (main.c:27)
==989992== 
==989992== 
==989992== HEAP SUMMARY:
==989992==     in use at exit: 208,181 bytes in 222 blocks
==989992==   total heap usage: 679 allocs, 459 frees, 236,937 bytes allocated
==989992== 
==989992== LEAK SUMMARY:
==989992==    definitely lost: 0 bytes in 0 blocks
==989992==    indirectly lost: 0 bytes in 0 blocks
==989992==      possibly lost: 0 bytes in 0 blocks
==989992==    still reachable: 0 bytes in 0 blocks
==989992==         suppressed: 208,181 bytes in 222 blocks
==989992== 
==989992== For lists of detected and suppressed errors, rerun with: -s
==989992== ERROR SUMMARY: 2 errors from 1 contexts (suppressed: 0 from 0)
